20:29:20.725 [main] INFO  mcmakler.test.base.MainDriver - enter text Ad Street input
20:29:20.950 [main] TRACE mcmakler.test.base.MainDriver - Ad Street input text entered
20:29:20.951 [main] INFO  mcmakler.test.base.MainDriver - enter text Ad Rooms input
20:29:21.097 [main] TRACE mcmakler.test.base.MainDriver - Ad Rooms input text entered
20:29:21.098 [main] INFO  mcmakler.test.base.MainDriver - enter text Ad Price input
20:29:21.250 [main] TRACE mcmakler.test.base.MainDriver - Ad Price input text entered
20:29:21.254 [main] INFO  mcmakler.test.base.MainDriver - click ad Status checkbox
20:29:21.353 [main] TRACE mcmakler.test.base.MainDriver - ad Status checkbox clicked
20:29:21.353 [main] INFO  mcmakler.test.base.MainDriver - click ad save button
20:29:21.453 [main] TRACE mcmakler.test.base.MainDriver - ad save button clicked
20:29:21.472 [main] INFO  mcmakler.test.base.MainDriver - add new ad link
20:32:25.989 [main] INFO  mcmakler.test.base.MainDriver - START: mcmakler.VerifyAddNewAdWithValidData
20:32:26.031 [main] INFO  mcmakler.test.base.MainDriver - add new ad link
20:32:26.095 [main] INFO  mcmakler.test.base.MainDriver - click add new ad link
20:32:26.178 [main] TRACE mcmakler.test.base.MainDriver - add new ad link clicked
20:32:26.182 [main] INFO  mcmakler.test.base.MainDriver - Ad Name input
20:32:26.356 [main] INFO  mcmakler.test.base.MainDriver - enter text Ad Name input
20:32:26.612 [main] TRACE mcmakler.test.base.MainDriver - Ad Name input text entered
20:32:26.613 [main] INFO  mcmakler.test.base.MainDriver - enter text Ad Street input
20:32:26.821 [main] TRACE mcmakler.test.base.MainDriver - Ad Street input text entered
20:32:26.822 [main] INFO  mcmakler.test.base.MainDriver - enter text Ad Rooms input
20:32:26.928 [main] TRACE mcmakler.test.base.MainDriver - Ad Rooms input text entered
20:32:26.928 [main] INFO  mcmakler.test.base.MainDriver - enter text Ad Price input
20:32:27.047 [main] TRACE mcmakler.test.base.MainDriver - Ad Price input text entered
20:32:27.047 [main] INFO  mcmakler.test.base.MainDriver - click ad Status checkbox
20:32:27.124 [main] TRACE mcmakler.test.base.MainDriver - ad Status checkbox clicked
20:32:27.124 [main] INFO  mcmakler.test.base.MainDriver - click ad save button
20:32:27.199 [main] TRACE mcmakler.test.base.MainDriver - ad save button clicked
20:32:27.224 [main] INFO  mcmakler.test.base.MainDriver - add new ad link
20:33:10.608 [main] INFO  mcmakler.test.base.MainDriver - START: mcmakler.VerifyAddNewAdWithValidData
20:33:10.642 [main] INFO  mcmakler.test.base.MainDriver - add new ad link
20:33:10.700 [main] INFO  mcmakler.test.base.MainDriver - click add new ad link
20:33:10.774 [main] TRACE mcmakler.test.base.MainDriver - add new ad link clicked
20:33:10.778 [main] INFO  mcmakler.test.base.MainDriver - Ad Name input
20:33:11.033 [main] INFO  mcmakler.test.base.MainDriver - enter text Ad Name input
20:33:11.350 [main] TRACE mcmakler.test.base.MainDriver - Ad Name input text entered
20:33:11.351 [main] INFO  mcmakler.test.base.MainDriver - enter text Ad Street input
20:33:11.577 [main] TRACE mcmakler.test.base.MainDriver - Ad Street input text entered
20:33:11.578 [main] INFO  mcmakler.test.base.MainDriver - enter text Ad Rooms input
20:33:11.818 [main] TRACE mcmakler.test.base.MainDriver - Ad Rooms input text entered
20:33:11.819 [main] INFO  mcmakler.test.base.MainDriver - enter text Ad Price input
20:33:11.968 [main] TRACE mcmakler.test.base.MainDriver - Ad Price input text entered
20:33:11.968 [main] INFO  mcmakler.test.base.MainDriver - click ad Status checkbox
20:33:12.079 [main] TRACE mcmakler.test.base.MainDriver - ad Status checkbox clicked
20:33:12.079 [main] INFO  mcmakler.test.base.MainDriver - click ad save button
20:33:12.196 [main] TRACE mcmakler.test.base.MainDriver - ad save button clicked
20:33:12.236 [main] INFO  mcmakler.test.base.MainDriver - add new ad link
20:34:22.642 [main] INFO  mcmakler.test.base.MainDriver - START: mcmakler.VerifyAddNewAdWithValidData
20:34:22.679 [main] INFO  mcmakler.test.base.MainDriver - add new ad link
20:34:22.754 [main] INFO  mcmakler.test.base.MainDriver - click add new ad link
20:34:22.917 [main] TRACE mcmakler.test.base.MainDriver - add new ad link clicked
20:34:22.943 [main] INFO  mcmakler.test.base.MainDriver - Ad Name input
20:34:23.008 [main] INFO  mcmakler.test.base.MainDriver - enter text Ad Name input
20:34:23.293 [main] TRACE mcmakler.test.base.MainDriver - Ad Name input text entered
20:34:23.295 [main] INFO  mcmakler.test.base.MainDriver - enter text Ad Street input
20:34:23.486 [main] TRACE mcmakler.test.base.MainDriver - Ad Street input text entered
20:34:23.486 [main] INFO  mcmakler.test.base.MainDriver - enter text Ad Rooms input
20:34:23.607 [main] TRACE mcmakler.test.base.MainDriver - Ad Rooms input text entered
20:34:23.608 [main] INFO  mcmakler.test.base.MainDriver - enter text Ad Price input
20:34:23.729 [main] TRACE mcmakler.test.base.MainDriver - Ad Price input text entered
20:34:23.730 [main] INFO  mcmakler.test.base.MainDriver - click ad Status checkbox
