22:09:25.158 [main] TRACE mcmakler.test.base.MainDriver - ad save button clicked
22:09:25.196 [main] INFO  mcmakler.test.base.MainDriver - add new ad link
22:09:27.025 [main] TRACE mcmakler.test.base.MainDriver - Ad name is displayed
22:09:27.025 [main] TRACE mcmakler.test.base.MainDriver - Ad street is displayed
22:09:27.026 [main] TRACE mcmakler.test.base.MainDriver - Ad rooms is displayed
22:09:27.026 [main] TRACE mcmakler.test.base.MainDriver - Ad price is displayed
22:09:27.026 [main] TRACE mcmakler.test.base.MainDriver - Ad currency is displayed
22:09:27.026 [main] TRACE mcmakler.test.base.MainDriver - Ad active is displayed
22:09:29.514 [main] TRACE mcmakler.test.base.MainDriver - Ad name is saved
22:09:29.802 [main] TRACE mcmakler.test.base.MainDriver - Ad street is saved
22:11:20.619 [main] INFO  mcmakler.test.base.MainDriver - START: mcmakler.VerifyAddNewAdWithValidData
22:11:20.657 [main] INFO  mcmakler.test.base.MainDriver - add new ad link
22:11:20.794 [main] INFO  mcmakler.test.base.MainDriver - click add new ad link
22:11:20.941 [main] TRACE mcmakler.test.base.MainDriver - add new ad link clicked
22:11:20.944 [main] INFO  mcmakler.test.base.MainDriver - Ad Name input
22:11:21.022 [main] INFO  mcmakler.test.base.MainDriver - enter text Ad Name input
22:11:21.330 [main] TRACE mcmakler.test.base.MainDriver - Ad Name input text entered
22:11:21.334 [main] INFO  mcmakler.test.base.MainDriver - enter text Ad Street input
22:11:21.519 [main] TRACE mcmakler.test.base.MainDriver - Ad Street input text entered
22:11:21.520 [main] INFO  mcmakler.test.base.MainDriver - enter text Ad Rooms input
22:11:21.645 [main] TRACE mcmakler.test.base.MainDriver - Ad Rooms input text entered
22:11:21.646 [main] INFO  mcmakler.test.base.MainDriver - enter text Ad Price input
22:11:21.801 [main] TRACE mcmakler.test.base.MainDriver - Ad Price input text entered
22:11:21.801 [main] INFO  mcmakler.test.base.MainDriver - click ad Status checkbox
22:11:21.921 [main] TRACE mcmakler.test.base.MainDriver - ad Status checkbox clicked
22:11:21.921 [main] INFO  mcmakler.test.base.MainDriver - click ad save button
22:11:22.041 [main] TRACE mcmakler.test.base.MainDriver - ad save button clicked
22:11:22.075 [main] INFO  mcmakler.test.base.MainDriver - add new ad link
22:11:24.155 [main] TRACE mcmakler.test.base.MainDriver - Ad name is displayed
22:11:24.156 [main] TRACE mcmakler.test.base.MainDriver - Ad street is displayed
22:11:24.156 [main] TRACE mcmakler.test.base.MainDriver - Ad rooms is displayed
22:11:24.156 [main] TRACE mcmakler.test.base.MainDriver - Ad price is displayed
22:11:24.156 [main] TRACE mcmakler.test.base.MainDriver - Ad currency is displayed
22:11:24.157 [main] TRACE mcmakler.test.base.MainDriver - Ad active is displayed
22:11:26.737 [main] TRACE mcmakler.test.base.MainDriver - Ad name is saved
22:11:27.008 [main] TRACE mcmakler.test.base.MainDriver - Ad street is saved
22:13:06.497 [main] INFO  mcmakler.test.base.MainDriver - START: mcmakler.VerifyAddNewAdWithValidData
22:13:06.542 [main] INFO  mcmakler.test.base.MainDriver - add new ad link
22:13:06.655 [main] INFO  mcmakler.test.base.MainDriver - click add new ad link
22:13:06.934 [main] TRACE mcmakler.test.base.MainDriver - add new ad link clicked
22:13:06.940 [main] INFO  mcmakler.test.base.MainDriver - Ad Name input
22:13:07.043 [main] INFO  mcmakler.test.base.MainDriver - enter text Ad Name input
22:13:07.474 [main] TRACE mcmakler.test.base.MainDriver - Ad Name input text entered
22:13:07.475 [main] INFO  mcmakler.test.base.MainDriver - enter text Ad Street input
22:13:07.993 [main] TRACE mcmakler.test.base.MainDriver - Ad Street input text entered
22:13:07.993 [main] INFO  mcmakler.test.base.MainDriver - enter text Ad Rooms input
22:13:08.287 [main] TRACE mcmakler.test.base.MainDriver - Ad Rooms input text entered
22:13:08.288 [main] INFO  mcmakler.test.base.MainDriver - enter text Ad Price input
22:13:08.503 [main] TRACE mcmakler.test.base.MainDriver - Ad Price input text entered
22:13:08.503 [main] INFO  mcmakler.test.base.MainDriver - click ad Status checkbox
22:13:08.689 [main] TRACE mcmakler.test.base.MainDriver - ad Status checkbox clicked
22:13:08.690 [main] INFO  mcmakler.test.base.MainDriver - click ad save button
22:13:08.804 [main] TRACE mcmakler.test.base.MainDriver - ad save button clicked
22:13:08.953 [main] INFO  mcmakler.test.base.MainDriver - add new ad link
22:13:10.337 [main] TRACE mcmakler.test.base.MainDriver - Ad name is displayed
22:13:10.338 [main] TRACE mcmakler.test.base.MainDriver - Ad street is displayed
22:13:10.338 [main] TRACE mcmakler.test.base.MainDriver - Ad rooms is displayed
22:13:10.338 [main] TRACE mcmakler.test.base.MainDriver - Ad price is displayed
22:13:10.339 [main] TRACE mcmakler.test.base.MainDriver - Ad currency is displayed
22:13:10.340 [main] TRACE mcmakler.test.base.MainDriver - Ad active is displayed
22:13:13.635 [main] TRACE mcmakler.test.base.MainDriver - Ad name is saved
22:13:14.640 [main] TRACE mcmakler.test.base.MainDriver - Ad street is saved
