21:00:48.261 [main] TRACE mcmakler.test.base.MainDriver - Ad price is displayed
21:00:48.269 [main] TRACE mcmakler.test.base.MainDriver - Ad currency is displayed
21:00:48.269 [main] TRACE mcmakler.test.base.MainDriver - Ad active is displayed
21:17:48.657 [main] INFO  mcmakler.test.base.MainDriver - START: mcmakler.VerifyAddNewAdWithValidData
21:17:48.703 [main] INFO  mcmakler.test.base.MainDriver - add new ad link
21:17:48.805 [main] INFO  mcmakler.test.base.MainDriver - click add new ad link
21:17:48.873 [main] TRACE mcmakler.test.base.MainDriver - add new ad link clicked
21:17:48.890 [main] INFO  mcmakler.test.base.MainDriver - Ad Name input
21:17:49.023 [main] INFO  mcmakler.test.base.MainDriver - enter text Ad Name input
21:17:49.325 [main] TRACE mcmakler.test.base.MainDriver - Ad Name input text entered
21:17:49.328 [main] INFO  mcmakler.test.base.MainDriver - enter text Ad Street input
21:17:49.593 [main] TRACE mcmakler.test.base.MainDriver - Ad Street input text entered
21:17:49.594 [main] INFO  mcmakler.test.base.MainDriver - enter text Ad Rooms input
21:17:49.744 [main] TRACE mcmakler.test.base.MainDriver - Ad Rooms input text entered
21:17:49.745 [main] INFO  mcmakler.test.base.MainDriver - enter text Ad Price input
21:17:49.924 [main] TRACE mcmakler.test.base.MainDriver - Ad Price input text entered
21:17:49.928 [main] INFO  mcmakler.test.base.MainDriver - click ad Status checkbox
21:17:50.102 [main] TRACE mcmakler.test.base.MainDriver - ad Status checkbox clicked
21:17:50.102 [main] INFO  mcmakler.test.base.MainDriver - click ad save button
21:17:50.504 [main] TRACE mcmakler.test.base.MainDriver - ad save button clicked
21:17:50.535 [main] INFO  mcmakler.test.base.MainDriver - add new ad link
21:17:51.120 [main] TRACE mcmakler.test.base.MainDriver - Ad name is displayed
21:17:51.121 [main] TRACE mcmakler.test.base.MainDriver - Ad street is displayed
21:17:51.121 [main] TRACE mcmakler.test.base.MainDriver - Ad rooms is displayed
21:17:51.121 [main] TRACE mcmakler.test.base.MainDriver - Ad price is displayed
21:17:51.121 [main] TRACE mcmakler.test.base.MainDriver - Ad currency is displayed
21:17:51.122 [main] TRACE mcmakler.test.base.MainDriver - Ad active is displayed
21:17:51.127 [main] INFO  mcmakler.test.base.MainDriver - add new ad link
21:17:51.326 [main] TRACE mcmakler.test.base.MainDriver - Ad name is displayed
21:17:51.326 [main] TRACE mcmakler.test.base.MainDriver - Ad street is displayed
21:17:51.326 [main] TRACE mcmakler.test.base.MainDriver - Ad rooms is displayed
21:17:51.327 [main] TRACE mcmakler.test.base.MainDriver - Ad price is displayed
21:17:51.327 [main] TRACE mcmakler.test.base.MainDriver - Ad currency is displayed
21:17:51.328 [main] TRACE mcmakler.test.base.MainDriver - Ad active is displayed
21:21:22.067 [main] INFO  mcmakler.test.base.MainDriver - START: mcmakler.VerifyAddNewAdWithValidData
21:21:22.120 [main] INFO  mcmakler.test.base.MainDriver - add new ad link
21:21:22.198 [main] INFO  mcmakler.test.base.MainDriver - click add new ad link
21:21:22.344 [main] TRACE mcmakler.test.base.MainDriver - add new ad link clicked
21:21:22.363 [main] INFO  mcmakler.test.base.MainDriver - Ad Name input
21:21:22.435 [main] INFO  mcmakler.test.base.MainDriver - enter text Ad Name input
21:21:22.775 [main] TRACE mcmakler.test.base.MainDriver - Ad Name input text entered
21:21:22.777 [main] INFO  mcmakler.test.base.MainDriver - enter text Ad Street input
21:21:22.952 [main] TRACE mcmakler.test.base.MainDriver - Ad Street input text entered
21:21:22.952 [main] INFO  mcmakler.test.base.MainDriver - enter text Ad Rooms input
21:21:23.072 [main] TRACE mcmakler.test.base.MainDriver - Ad Rooms input text entered
21:21:23.072 [main] INFO  mcmakler.test.base.MainDriver - enter text Ad Price input
21:21:23.203 [main] TRACE mcmakler.test.base.MainDriver - Ad Price input text entered
21:21:23.204 [main] INFO  mcmakler.test.base.MainDriver - click ad Status checkbox
21:21:23.302 [main] TRACE mcmakler.test.base.MainDriver - ad Status checkbox clicked
21:21:23.302 [main] INFO  mcmakler.test.base.MainDriver - click ad save button
21:21:23.405 [main] TRACE mcmakler.test.base.MainDriver - ad save button clicked
21:21:23.447 [main] INFO  mcmakler.test.base.MainDriver - add new ad link
21:21:24.443 [main] TRACE mcmakler.test.base.MainDriver - Ad name is displayed
21:21:24.443 [main] TRACE mcmakler.test.base.MainDriver - Ad street is displayed
21:21:24.443 [main] TRACE mcmakler.test.base.MainDriver - Ad rooms is displayed
21:21:24.444 [main] TRACE mcmakler.test.base.MainDriver - Ad price is displayed
21:21:24.444 [main] TRACE mcmakler.test.base.MainDriver - Ad currency is displayed
21:21:24.445 [main] TRACE mcmakler.test.base.MainDriver - Ad active is displayed
21:22:01.914 [main] INFO  mcmakler.test.base.MainDriver - START: mcmakler.VerifyAddNewAdWithValidData
21:22:01.963 [main] INFO  mcmakler.test.base.MainDriver - add new ad link
21:22:02.035 [main] INFO  mcmakler.test.base.MainDriver - click add new ad link
