22:13:15.752 [main] TRACE mcmakler.test.base.MainDriver - Ad rooms is saved
22:13:54.314 [main] INFO  mcmakler.test.base.MainDriver - START: mcmakler.VerifyAddNewAdWithValidData
22:13:54.355 [main] INFO  mcmakler.test.base.MainDriver - add new ad link
22:13:54.433 [main] INFO  mcmakler.test.base.MainDriver - click add new ad link
22:13:54.571 [main] TRACE mcmakler.test.base.MainDriver - add new ad link clicked
22:13:54.576 [main] INFO  mcmakler.test.base.MainDriver - Ad Name input
22:13:54.749 [main] INFO  mcmakler.test.base.MainDriver - enter text Ad Name input
22:13:55.809 [main] TRACE mcmakler.test.base.MainDriver - Ad Name input text entered
22:13:55.810 [main] INFO  mcmakler.test.base.MainDriver - enter text Ad Street input
22:13:56.431 [main] TRACE mcmakler.test.base.MainDriver - Ad Street input text entered
22:13:56.432 [main] INFO  mcmakler.test.base.MainDriver - enter text Ad Rooms input
22:13:56.580 [main] TRACE mcmakler.test.base.MainDriver - Ad Rooms input text entered
22:13:56.581 [main] INFO  mcmakler.test.base.MainDriver - enter text Ad Price input
22:13:56.758 [main] TRACE mcmakler.test.base.MainDriver - Ad Price input text entered
22:13:56.768 [main] INFO  mcmakler.test.base.MainDriver - click ad Status checkbox
22:13:56.917 [main] TRACE mcmakler.test.base.MainDriver - ad Status checkbox clicked
22:13:56.919 [main] INFO  mcmakler.test.base.MainDriver - click ad save button
22:13:57.195 [main] TRACE mcmakler.test.base.MainDriver - ad save button clicked
22:13:57.242 [main] INFO  mcmakler.test.base.MainDriver - add new ad link
22:13:59.495 [main] TRACE mcmakler.test.base.MainDriver - Ad name is displayed
22:13:59.496 [main] TRACE mcmakler.test.base.MainDriver - Ad street is displayed
22:13:59.496 [main] TRACE mcmakler.test.base.MainDriver - Ad rooms is displayed
22:13:59.496 [main] TRACE mcmakler.test.base.MainDriver - Ad price is displayed
22:13:59.496 [main] TRACE mcmakler.test.base.MainDriver - Ad currency is displayed
22:13:59.497 [main] TRACE mcmakler.test.base.MainDriver - Ad active is displayed
22:14:02.218 [main] TRACE mcmakler.test.base.MainDriver - Ad name is saved
22:14:02.506 [main] TRACE mcmakler.test.base.MainDriver - Ad street is saved
22:14:02.854 [main] TRACE mcmakler.test.base.MainDriver - Ad rooms is saved
22:14:03.265 [main] TRACE mcmakler.test.base.MainDriver - Ad price is saved
22:14:58.608 [main] INFO  mcmakler.test.base.MainDriver - START: mcmakler.VerifyAddNewAdWithValidData
22:14:58.655 [main] INFO  mcmakler.test.base.MainDriver - add new ad link
22:14:58.721 [main] INFO  mcmakler.test.base.MainDriver - click add new ad link
22:14:58.845 [main] TRACE mcmakler.test.base.MainDriver - add new ad link clicked
22:14:58.855 [main] INFO  mcmakler.test.base.MainDriver - Ad Name input
22:14:58.940 [main] INFO  mcmakler.test.base.MainDriver - enter text Ad Name input
22:14:59.220 [main] TRACE mcmakler.test.base.MainDriver - Ad Name input text entered
22:14:59.221 [main] INFO  mcmakler.test.base.MainDriver - enter text Ad Street input
22:14:59.389 [main] TRACE mcmakler.test.base.MainDriver - Ad Street input text entered
22:14:59.389 [main] INFO  mcmakler.test.base.MainDriver - enter text Ad Rooms input
22:14:59.508 [main] TRACE mcmakler.test.base.MainDriver - Ad Rooms input text entered
22:14:59.509 [main] INFO  mcmakler.test.base.MainDriver - enter text Ad Price input
22:14:59.636 [main] TRACE mcmakler.test.base.MainDriver - Ad Price input text entered
22:14:59.637 [main] INFO  mcmakler.test.base.MainDriver - click ad Status checkbox
22:14:59.744 [main] TRACE mcmakler.test.base.MainDriver - ad Status checkbox clicked
22:14:59.744 [main] INFO  mcmakler.test.base.MainDriver - click ad save button
22:14:59.846 [main] TRACE mcmakler.test.base.MainDriver - ad save button clicked
22:14:59.886 [main] INFO  mcmakler.test.base.MainDriver - add new ad link
22:15:02.643 [main] TRACE mcmakler.test.base.MainDriver - Ad name is displayed
22:15:02.644 [main] TRACE mcmakler.test.base.MainDriver - Ad street is displayed
22:15:02.645 [main] TRACE mcmakler.test.base.MainDriver - Ad rooms is displayed
22:15:02.645 [main] TRACE mcmakler.test.base.MainDriver - Ad price is displayed
22:15:02.646 [main] TRACE mcmakler.test.base.MainDriver - Ad currency is displayed
22:15:02.646 [main] TRACE mcmakler.test.base.MainDriver - Ad active is displayed
22:15:05.114 [main] TRACE mcmakler.test.base.MainDriver - Ad name is saved
22:15:05.374 [main] TRACE mcmakler.test.base.MainDriver - Ad street is saved
22:15:05.686 [main] TRACE mcmakler.test.base.MainDriver - Ad rooms is saved
22:15:05.963 [main] TRACE mcmakler.test.base.MainDriver - Ad price is saved
22:16:30.646 [main] INFO  mcmakler.test.base.MainDriver - START: mcmakler.VerifyAddNewAdWithValidData
22:16:30.691 [main] INFO  mcmakler.test.base.MainDriver - add new ad link
22:16:30.759 [main] INFO  mcmakler.test.base.MainDriver - click add new ad link
22:16:30.894 [main] TRACE mcmakler.test.base.MainDriver - add new ad link clicked
22:16:30.900 [main] INFO  mcmakler.test.base.MainDriver - Ad Name input
