22:42:12.166 [main] TRACE mcmakler.test.base.MainDriver - Ad Price input text entered
22:42:12.183 [main] INFO  mcmakler.test.base.MainDriver - click ad Status checkbox
22:42:12.287 [main] TRACE mcmakler.test.base.MainDriver - ad Status checkbox clicked
22:42:12.288 [main] INFO  mcmakler.test.base.MainDriver - click ad save button
22:42:12.407 [main] TRACE mcmakler.test.base.MainDriver - ad save button clicked
22:42:12.408 [main] INFO  mcmakler.test.base.MainDriver - add new ad link
22:42:14.307 [main] INFO  mcmakler.test.base.MainDriver - click saved ad
22:42:14.345 [main] TRACE mcmakler.test.base.MainDriver - saved ad clicked
22:42:14.347 [main] INFO  mcmakler.test.base.MainDriver - Ad Name input
22:43:58.684 [main] INFO  mcmakler.test.base.MainDriver - START: mcmakler.VerifyEditAdWithValidData
22:43:58.761 [main] INFO  mcmakler.test.base.MainDriver - add new ad link
22:43:58.860 [main] INFO  mcmakler.test.base.MainDriver - click add new ad link
22:43:59.085 [main] TRACE mcmakler.test.base.MainDriver - add new ad link clicked
22:43:59.090 [main] INFO  mcmakler.test.base.MainDriver - Ad Name input
22:43:59.186 [main] INFO  mcmakler.test.base.MainDriver - enter text Ad Name input
22:43:59.469 [main] TRACE mcmakler.test.base.MainDriver - Ad Name input text entered
22:43:59.469 [main] INFO  mcmakler.test.base.MainDriver - enter text Ad Street input
22:43:59.674 [main] TRACE mcmakler.test.base.MainDriver - Ad Street input text entered
22:43:59.675 [main] INFO  mcmakler.test.base.MainDriver - enter text Ad Rooms input
22:43:59.879 [main] TRACE mcmakler.test.base.MainDriver - Ad Rooms input text entered
22:43:59.882 [main] INFO  mcmakler.test.base.MainDriver - enter text Ad Price input
22:44:00.044 [main] TRACE mcmakler.test.base.MainDriver - Ad Price input text entered
22:44:00.045 [main] INFO  mcmakler.test.base.MainDriver - click ad Status checkbox
22:44:00.166 [main] TRACE mcmakler.test.base.MainDriver - ad Status checkbox clicked
22:44:00.168 [main] INFO  mcmakler.test.base.MainDriver - click ad save button
22:44:00.306 [main] TRACE mcmakler.test.base.MainDriver - ad save button clicked
22:44:00.308 [main] INFO  mcmakler.test.base.MainDriver - add new ad link
22:44:02.768 [main] INFO  mcmakler.test.base.MainDriver - click saved ad
22:44:02.809 [main] TRACE mcmakler.test.base.MainDriver - saved ad clicked
22:44:02.810 [main] INFO  mcmakler.test.base.MainDriver - clear Ad Name input
22:48:31.328 [main] INFO  mcmakler.test.base.MainDriver - START: mcmakler.VerifyEditAdWithValidData
22:48:31.404 [main] INFO  mcmakler.test.base.MainDriver - add new ad link
22:48:31.529 [main] INFO  mcmakler.test.base.MainDriver - click add new ad link
22:48:31.688 [main] TRACE mcmakler.test.base.MainDriver - add new ad link clicked
22:48:31.693 [main] INFO  mcmakler.test.base.MainDriver - Ad Name input
22:48:31.788 [main] INFO  mcmakler.test.base.MainDriver - enter text Ad Name input
22:48:32.083 [main] TRACE mcmakler.test.base.MainDriver - Ad Name input text entered
22:48:32.084 [main] INFO  mcmakler.test.base.MainDriver - enter text Ad Street input
22:48:32.301 [main] TRACE mcmakler.test.base.MainDriver - Ad Street input text entered
22:48:32.302 [main] INFO  mcmakler.test.base.MainDriver - enter text Ad Rooms input
22:48:32.407 [main] TRACE mcmakler.test.base.MainDriver - Ad Rooms input text entered
22:48:32.408 [main] INFO  mcmakler.test.base.MainDriver - enter text Ad Price input
22:48:32.513 [main] TRACE mcmakler.test.base.MainDriver - Ad Price input text entered
22:48:32.514 [main] INFO  mcmakler.test.base.MainDriver - click ad Status checkbox
22:48:32.628 [main] TRACE mcmakler.test.base.MainDriver - ad Status checkbox clicked
22:48:32.629 [main] INFO  mcmakler.test.base.MainDriver - click ad save button
22:48:32.712 [main] TRACE mcmakler.test.base.MainDriver - ad save button clicked
22:48:32.713 [main] INFO  mcmakler.test.base.MainDriver - add new ad link
22:48:33.540 [main] INFO  mcmakler.test.base.MainDriver - click saved ad
22:48:33.577 [main] TRACE mcmakler.test.base.MainDriver - saved ad clicked
22:48:33.578 [main] INFO  mcmakler.test.base.MainDriver - clear Ad Name input
22:49:34.527 [main] INFO  mcmakler.test.base.MainDriver - START: mcmakler.VerifyEditAdWithValidData
22:49:34.573 [main] INFO  mcmakler.test.base.MainDriver - add new ad link
22:49:34.685 [main] INFO  mcmakler.test.base.MainDriver - click add new ad link
22:49:34.877 [main] TRACE mcmakler.test.base.MainDriver - add new ad link clicked
22:49:34.886 [main] INFO  mcmakler.test.base.MainDriver - Ad Name input
22:49:34.986 [main] INFO  mcmakler.test.base.MainDriver - enter text Ad Name input
22:49:35.349 [main] TRACE mcmakler.test.base.MainDriver - Ad Name input text entered
22:49:35.350 [main] INFO  mcmakler.test.base.MainDriver - enter text Ad Street input
22:49:35.646 [main] TRACE mcmakler.test.base.MainDriver - Ad Street input text entered
22:49:35.647 [main] INFO  mcmakler.test.base.MainDriver - enter text Ad Rooms input
22:49:35.771 [main] TRACE mcmakler.test.base.MainDriver - Ad Rooms input text entered
