00:40:07.174 [main] TRACE mcmakler.test.base.MainDriver - Ad Name input cleared
00:40:07.199 [main] INFO  mcmakler.test.base.MainDriver - enter text Ad Name input
00:40:07.359 [main] TRACE mcmakler.test.base.MainDriver - Ad Name input text entered
00:40:07.359 [main] INFO  mcmakler.test.base.MainDriver - clear Ad Name input
00:40:07.423 [main] TRACE mcmakler.test.base.MainDriver - Ad Name input cleared
00:40:07.423 [main] INFO  mcmakler.test.base.MainDriver - enter text Ad Name input
00:40:07.559 [main] TRACE mcmakler.test.base.MainDriver - Ad Name input text entered
00:40:07.560 [main] INFO  mcmakler.test.base.MainDriver - clear Ad Street input
00:40:07.685 [main] TRACE mcmakler.test.base.MainDriver - Ad Street input cleared
00:40:07.685 [main] INFO  mcmakler.test.base.MainDriver - enter text Ad Street input
00:40:07.875 [main] TRACE mcmakler.test.base.MainDriver - Ad Street input text entered
00:40:07.875 [main] INFO  mcmakler.test.base.MainDriver - clear Ad Rooms input
00:40:07.965 [main] TRACE mcmakler.test.base.MainDriver - Ad Rooms input cleared
00:40:07.966 [main] INFO  mcmakler.test.base.MainDriver - enter text Ad Rooms input
00:40:08.058 [main] TRACE mcmakler.test.base.MainDriver - Ad Rooms input text entered
00:40:08.059 [main] INFO  mcmakler.test.base.MainDriver - clear Ad Price input
00:40:08.167 [main] TRACE mcmakler.test.base.MainDriver - Ad Price input cleared
00:40:08.167 [main] INFO  mcmakler.test.base.MainDriver - enter text Ad Price input
00:40:08.278 [main] TRACE mcmakler.test.base.MainDriver - Ad Price input text entered
00:40:08.279 [main] INFO  mcmakler.test.base.MainDriver - click ad Status checkbox
00:40:08.397 [main] TRACE mcmakler.test.base.MainDriver - ad Status checkbox clicked
00:40:08.398 [main] INFO  mcmakler.test.base.MainDriver - click ad save button
00:40:08.496 [main] TRACE mcmakler.test.base.MainDriver - ad save button clicked
00:40:08.496 [main] INFO  mcmakler.test.base.MainDriver - add new ad link
00:40:09.349 [main] TRACE mcmakler.test.base.MainDriver - Ad name is displayed
00:40:09.351 [main] TRACE mcmakler.test.base.MainDriver - Ad street is displayed
00:40:09.352 [main] TRACE mcmakler.test.base.MainDriver - Ad rooms is displayed
00:40:09.353 [main] TRACE mcmakler.test.base.MainDriver - Ad price is displayed
00:40:09.353 [main] TRACE mcmakler.test.base.MainDriver - Ad currency is displayed
00:40:09.354 [main] TRACE mcmakler.test.base.MainDriver - Ad active is displayed
00:40:10.093 [main] TRACE mcmakler.test.base.MainDriver - Ad name is saved
00:40:10.339 [main] TRACE mcmakler.test.base.MainDriver - Ad street is saved
00:40:10.594 [main] TRACE mcmakler.test.base.MainDriver - Ad rooms is saved
00:40:10.828 [main] TRACE mcmakler.test.base.MainDriver - Ad price is saved
00:40:11.047 [main] TRACE mcmakler.test.base.MainDriver - Ad status is saved
00:46:17.755 [main] INFO  mcmakler.test.base.MainDriver - START: mcmakler.VerifyAddNewAdWithValidDataTest
00:46:17.835 [main] INFO  mcmakler.test.base.MainDriver - add new ad link
00:46:17.960 [main] INFO  mcmakler.test.base.MainDriver - click add new ad link
00:46:18.109 [main] TRACE mcmakler.test.base.MainDriver - add new ad link clicked
00:46:18.116 [main] INFO  mcmakler.test.base.MainDriver - Ad Name input
00:46:18.196 [main] INFO  mcmakler.test.base.MainDriver - enter text Ad Name input
00:46:18.454 [main] TRACE mcmakler.test.base.MainDriver - Ad Name input text entered
00:46:18.454 [main] INFO  mcmakler.test.base.MainDriver - enter text Ad Street input
00:46:18.691 [main] TRACE mcmakler.test.base.MainDriver - Ad Street input text entered
00:46:18.692 [main] INFO  mcmakler.test.base.MainDriver - enter text Ad Rooms input
00:46:18.889 [main] TRACE mcmakler.test.base.MainDriver - Ad Rooms input text entered
00:46:18.890 [main] INFO  mcmakler.test.base.MainDriver - enter text Ad Price input
00:46:19.072 [main] TRACE mcmakler.test.base.MainDriver - Ad Price input text entered
00:46:19.072 [main] INFO  mcmakler.test.base.MainDriver - click ad Status checkbox
00:46:19.158 [main] TRACE mcmakler.test.base.MainDriver - ad Status checkbox clicked
00:46:19.159 [main] INFO  mcmakler.test.base.MainDriver - click ad save button
00:46:19.251 [main] TRACE mcmakler.test.base.MainDriver - ad save button clicked
00:46:19.272 [main] INFO  mcmakler.test.base.MainDriver - add new ad link
00:46:20.047 [main] TRACE mcmakler.test.base.MainDriver - Ad name is displayed
00:46:20.047 [main] TRACE mcmakler.test.base.MainDriver - Ad street is displayed
00:46:20.048 [main] TRACE mcmakler.test.base.MainDriver - Ad rooms is displayed
00:46:20.048 [main] TRACE mcmakler.test.base.MainDriver - Ad price is displayed
00:46:20.048 [main] TRACE mcmakler.test.base.MainDriver - Ad currency is displayed
00:46:20.048 [main] TRACE mcmakler.test.base.MainDriver - Ad active is displayed
00:46:22.590 [main] TRACE mcmakler.test.base.MainDriver - Ad name is saved
00:46:22.866 [main] TRACE mcmakler.test.base.MainDriver - Ad street is saved
00:46:23.139 [main] TRACE mcmakler.test.base.MainDriver - Ad rooms is saved
